INFO 2025-10-25 10:22:24,759 autoreload 19528 19512 Watching for file changes with StatReloader
INFO 2025-10-25 10:22:28,772 basehttp 19528 20448 "GET / HTTP/1.1" 302 0
INFO 2025-10-25 10:22:28,830 basehttp 19528 20448 "GET /tamanho/ HTTP/1.1" 200 6714
INFO 2025-10-25 10:22:28,986 basehttp 19528 20448 "GET /static/css/estilo.css HTTP/1.1" 304 0
INFO 2025-10-25 10:22:28,986 basehttp 19528 21320 "GET /static/logo.jpg HTTP/1.1" 304 0
INFO 2025-10-25 10:22:28,987 basehttp 19528 11816 "GET /static/facebook.png HTTP/1.1" 304 0
INFO 2025-10-25 10:22:28,988 basehttp 19528 18788 "GET /static/instagram.png HTTP/1.1" 304 0
INFO 2025-10-25 10:22:32,017 basehttp 19528 18788 "GET /login/ HTTP/1.1" 200 3629
INFO 2025-10-25 10:22:35,290 basehttp 19528 18788 "GET /cadastro HTTP/1.1" 301 0
INFO 2025-10-25 10:22:35,311 basehttp 19528 11816 "GET /cadastro/ HTTP/1.1" 200 4698
INFO 2025-10-25 10:23:00,521 basehttp 19528 20164 "POST /cadastro/ HTTP/1.1" 200 5021
INFO 2025-10-25 10:23:17,024 basehttp 19528 20164 "POST /cadastro/ HTTP/1.1" 200 5057
INFO 2025-10-25 10:23:35,079 basehttp 19528 20164 "POST /cadastro/ HTTP/1.1" 200 5065
INFO 2025-10-25 10:23:52,691 basehttp 19528 16328 "POST /cadastro/ HTTP/1.1" 200 5102
INFO 2025-10-25 10:25:50,821 basehttp 19528 23248 "POST /cadastro/ HTTP/1.1" 302 0
INFO 2025-10-25 10:25:50,829 basehttp 19528 23248 "GET /login/ HTTP/1.1" 200 3629
INFO 2025-10-25 10:25:50,927 basehttp 19528 23248 "GET /static/css/estilo.css HTTP/1.1" 304 0
INFO 2025-10-25 10:25:50,943 basehttp 19528 12720 "GET /static/logo.jpg HTTP/1.1" 304 0
INFO 2025-10-25 10:25:50,996 basehttp 19528 16948 "GET /static/instagram.png HTTP/1.1" 304 0
INFO 2025-10-25 10:25:51,008 basehttp 19528 1380 "GET /static/facebook.png HTTP/1.1" 304 0
INFO 2025-10-25 10:26:18,465 basehttp 19528 28104 "POST /login/ HTTP/1.1" 200 3724
INFO 2025-10-25 10:26:39,405 basehttp 19528 16096 "POST /login/ HTTP/1.1" 302 0
INFO 2025-10-25 10:26:39,428 basehttp 19528 16096 "GET /tamanho/ HTTP/1.1" 200 6826
INFO 2025-10-25 10:26:42,433 basehttp 19528 16096 "GET /logout/ HTTP/1.1" 302 0
INFO 2025-10-25 10:26:42,446 basehttp 19528 16096 "GET /login/ HTTP/1.1" 200 3629
INFO 2025-10-25 10:26:50,196 basehttp 19528 1612 "POST /login/ HTTP/1.1" 302 0
INFO 2025-10-25 10:26:50,212 basehttp 19528 1612 "GET /tamanho/ HTTP/1.1" 200 6826
INFO 2025-10-25 10:26:52,455 basehttp 19528 1612 "GET /logout/ HTTP/1.1" 302 0
INFO 2025-10-25 10:26:52,464 basehttp 19528 1612 "GET /login/ HTTP/1.1" 200 3629
INFO 2025-10-25 10:27:27,137 basehttp 19528 1612 "POST /login/ HTTP/1.1" 302 0
INFO 2025-10-25 10:27:27,150 basehttp 19528 1612 "GET /tamanho/ HTTP/1.1" 200 6826
INFO 2025-10-25 10:27:33,227 basehttp 19528 1612 "GET /logout/ HTTP/1.1" 302 0
INFO 2025-10-25 10:27:33,237 basehttp 19528 1612 "GET /login/ HTTP/1.1" 200 3629
INFO 2025-10-25 10:35:12,294 autoreload 19528 19512 C:\Users\Aless\OneDrive\Documentos\Programação\SENAC\CasaDasPizzas\piWebSenac\PiWeb\pi\views.py changed, reloading.
INFO 2025-10-25 10:35:15,197 autoreload 14064 8540 Watching for file changes with StatReloader
INFO 2025-10-25 10:37:19,006 basehttp 14064 20408 "POST /login/ HTTP/1.1" 302 0
INFO 2025-10-25 10:37:19,042 basehttp 14064 20408 "GET /tamanho/ HTTP/1.1" 200 6826
INFO 2025-10-25 10:37:19,112 basehttp 14064 20408 "GET /static/css/estilo.css HTTP/1.1" 304 0
INFO 2025-10-25 10:37:19,127 basehttp 14064 20408 "GET /static/logo.jpg HTTP/1.1" 304 0
INFO 2025-10-25 10:37:19,128 basehttp 14064 15748 "GET /static/facebook.png HTTP/1.1" 304 0
INFO 2025-10-25 10:37:19,128 basehttp 14064 21948 "GET /static/instagram.png HTTP/1.1" 304 0
INFO 2025-10-25 10:37:23,175 basehttp 14064 19500 "GET /login/ HTTP/1.1" 200 3745
INFO 2025-10-25 10:37:25,400 basehttp 14064 19500 "GET /tamanho/ HTTP/1.1" 200 6826
INFO 2025-10-25 10:37:32,001 basehttp 14064 21780 "GET /endereco/ HTTP/1.1" 200 7583
INFO 2025-10-25 10:37:38,818 basehttp 14064 21780 "GET /revisao/ HTTP/1.1" 200 5995
INFO 2025-10-25 10:37:46,112 basehttp 14064 8912 "GET /tamanho/ HTTP/1.1" 200 6826
INFO 2025-10-25 10:37:55,714 basehttp 14064 8912 "GET /logout/ HTTP/1.1" 302 0
INFO 2025-10-25 10:37:55,722 basehttp 14064 8912 "GET /login/ HTTP/1.1" 200 3629
INFO 2025-10-25 10:40:07,661 basehttp 14064 23840 "GET /login/ HTTP/1.1" 200 3622
INFO 2025-10-25 10:40:24,994 basehttp 14064 21232 "GET /login/ HTTP/1.1" 200 3622
INFO 2025-10-25 10:40:25,230 basehttp 14064 21232 "GET /static/css/estilo.css HTTP/1.1" 200 18807
INFO 2025-10-25 10:40:25,235 basehttp 14064 25428 "GET /static/facebook.png HTTP/1.1" 200 455
INFO 2025-10-25 10:40:25,236 basehttp 14064 13344 "GET /static/instagram.png HTTP/1.1" 200 801
INFO 2025-10-25 10:40:25,237 basehttp 14064 16444 "GET /static/logo.jpg HTTP/1.1" 200 97426
INFO 2025-10-25 10:42:19,818 autoreload 18336 23240 Watching for file changes with StatReloader
INFO 2025-10-25 10:43:39,010 basehttp 14064 18364 "GET /login/ HTTP/1.1" 200 3622
INFO 2025-10-25 10:43:39,058 basehttp 14064 18364 "GET /static/css/estilo.css HTTP/1.1" 304 0
INFO 2025-10-25 10:43:40,279 basehttp 14064 18364 "GET /resetar_senha/ HTTP/1.1" 200 3672
INFO 2025-10-25 10:43:52,926 basehttp 14064 21084 "GET /tamanho/ HTTP/1.1" 200 6714
INFO 2025-10-27 14:27:02,062 autoreload 15852 6768 Watching for file changes with StatReloader
INFO 2025-10-27 14:29:06,769 autoreload 7996 12668 Watching for file changes with StatReloader
INFO 2025-10-27 14:29:09,002 basehttp 7996 19788 "GET / HTTP/1.1" 302 0
INFO 2025-10-27 14:29:09,174 basehttp 7996 19788 "GET /tamanho/ HTTP/1.1" 200 6826
INFO 2025-10-27 14:29:09,288 basehttp 7996 4560 "GET /static/instagram.png HTTP/1.1" 200 801
INFO 2025-10-27 14:29:09,289 basehttp 7996 10716 "GET /static/facebook.png HTTP/1.1" 200 455
INFO 2025-10-27 14:29:09,290 basehttp 7996 19788 "GET /static/css/estilo.css HTTP/1.1" 200 18807
INFO 2025-10-27 14:29:09,291 basehttp 7996 2372 "GET /static/logo.jpg HTTP/1.1" 200 97426
WARNING 2025-10-27 14:29:09,373 log 7996 2372 Not Found: /favicon.ico
WARNING 2025-10-27 14:29:09,373 basehttp 7996 2372 "GET /favicon.ico HTTP/1.1" 404 5598
INFO 2025-10-27 14:29:12,002 basehttp 7996 2372 "GET /revisao/ HTTP/1.1" 200 5939
INFO 2025-10-27 14:29:13,897 basehttp 7996 2372 "POST /revisao/ HTTP/1.1" 302 0
INFO 2025-10-27 14:29:39,166 autoreload 7996 12668 C:\Users\alessandra.leite\Downloads\web\piteste\piWebSenac\PiWeb\pi\views.py changed, reloading.
INFO 2025-10-27 14:29:39,676 autoreload 19548 21736 Watching for file changes with StatReloader
